<?xml version="1.0" encoding="UTF-8"?>
<!-- Generated by org.testng.reporters.JUnitXMLReporter -->
<testsuite hostname="LAPTOP-TLA1S9RB" failures="0" tests="7" name="Default test" time="76.51" errors="0" timestamp="15 Oct 2021 10:40:44 GMT">
  <testcase classname="tests.LogiTechInterView" name="apiTest" time="8.351"/>
  <testcase classname="tests.LogiTechInterView" name="dragAndDropTest" time="8.656"/>
  <testcase classname="tests.LogiTechInterView" name="dynamicLoading" time="10.936"/>
  <testcase classname="tests.LogiTechInterView" name="formAuthentication" time="11.568"/>
  <testcase classname="tests.LogiTechInterView" name="iFrameTest" time="14.23"/>
  <testcase classname="tests.LogiTechInterView" name="javaScriptAlerts" time="4.805"/>
  <testcase classname="tests.LogiTechInterView" name="multipleWindows" time="5.763"/>
</testsuite> <!-- Default test -->
