<?xml version="1.0" encoding="UTF-8"?>
<!-- Generated by org.testng.reporters.JUnitXMLReporter -->
<testsuite hostname="LAPTOP-TLA1S9RB" failures="0" tests="4" name="Form Authentication" time="38.298" errors="0" timestamp="14 Oct 2021 07:49:30 GMT">
  <testcase classname="tests.FormAuth" name="formAuthTest" time="3.655"/>
  <testcase classname="tests.FormAuth" name="formAuthTest1" time="3.552"/>
  <testcase classname="tests.FormAuth" name="formAuthTest2" time="2.9"/>
  <testcase classname="tests.FormAuth" name="formAuthTest3" time="5.258"/>
</testsuite> <!-- Form Authentication -->
