<?xml version="1.0" encoding="UTF-8"?>
<!-- Generated by org.testng.reporters.JUnitXMLReporter -->
<testsuite hostname="LAPTOP-TLA1S9RB" failures="0" tests="8" name="Framework Scenarios" time="101.698" errors="0" timestamp="15 Oct 2021 12:03:26 GMT">
  <testcase classname="tests.LogiTechInterView" name="formAuthentication" time="18.445"/>
  <testcase classname="tests.LogiTechInterView" name="dynamicLoading" time="11.567"/>
  <testcase classname="tests.LogiTechInterView" name="multipleWindows" time="6.384"/>
  <testcase classname="tests.LogiTechInterView" name="dragAndDropTest" time="10.337"/>
  <testcase classname="tests.LogiTechInterView" name="iFrameTest" time="9.339"/>
  <testcase classname="tests.LogiTechInterView" name="javaScriptAlerts" time="4.344"/>
  <testcase classname="tests.LogiTechInterView" name="apiTest_positive" time="8.268"/>
  <testcase classname="tests.LogiTechInterView" name="apiTest_negative" time="8.804"/>
</testsuite> <!-- Framework Scenarios -->
