<?xml version="1.0" encoding="UTF-8"?>
<testng-results total="8" passed="8" failed="0" skipped="0">
  <reporter-output>
  </reporter-output>
  <suite started-at="2021-10-15T12:01:45Z" name="Suite" finished-at="2021-10-15T12:03:26Z" duration-ms="101698">
    <groups>
    </groups>
    <test started-at="2021-10-15T12:01:45Z" name="Framework Scenarios" finished-at="2021-10-15T12:03:26Z" duration-ms="101698">
      <class name="tests.LogiTechInterView">
        <test-method is-config="true" signature="setUp()[pri:0, instance:tests.LogiTechInterView@31dadd46]" started-at="2021-10-15T17:31:45Z" name="setUp" finished-at="2021-10-15T17:31:45Z" duration-ms="145" status="PASS">
          <reporter-output>
          </reporter-output>
        </test-method> <!-- setUp -->
        <test-method is-config="true" signature="startMethod(java.lang.reflect.Method)[pri:0, instance:tests.LogiTechInterView@31dadd46]" started-at="2021-10-15T17:31:45Z" name="startMethod" finished-at="2021-10-15T17:31:49Z" duration-ms="4039" status="PASS">
          <params>
            <param index="0">
              <value>
                <![CDATA[public void tests.LogiTechInterView.formAuthentication()]]>
              </value>
            </param>
          </params>
          <reporter-output>
          </reporter-output>
        </test-method> <!-- startMethod -->
        <test-method signature="formAuthentication()[pri:0, instance:tests.LogiTechInterView@31dadd46]" started-at="2021-10-15T17:31:49Z" name="formAuthentication" finished-at="2021-10-15T17:32:07Z" duration-ms="18445" status="PASS">
          <reporter-output>
          </reporter-output>
        </test-method> <!-- formAuthentication -->
        <test-method is-config="true" signature="getResult(org.testng.ITestResult)[pri:0, instance:tests.LogiTechInterView@31dadd46]" started-at="2021-10-15T17:32:07Z" name="getResult" finished-at="2021-10-15T17:32:09Z" duration-ms="2102" status="PASS">
          <params>
            <param index="0">
              <value>
                <![CDATA[[TestResult name=formAuthentication status=SUCCESS method=LogiTechInterView.formAuthentication()[pri:0, instance:tests.LogiTechInterView@31dadd46] output={null}]]]>
              </value>
            </param>
          </params>
          <reporter-output>
          </reporter-output>
        </test-method> <!-- getResult -->
        <test-method is-config="true" signature="startMethod(java.lang.reflect.Method)[pri:0, instance:tests.LogiTechInterView@31dadd46]" started-at="2021-10-15T17:32:09Z" name="startMethod" finished-at="2021-10-15T17:32:12Z" duration-ms="2685" status="PASS">
          <params>
            <param index="0">
              <value>
                <![CDATA[public void tests.LogiTechInterView.dynamicLoading()]]>
              </value>
            </param>
          </params>
          <reporter-output>
          </reporter-output>
        </test-method> <!-- startMethod -->
        <test-method signature="dynamicLoading()[pri:0, instance:tests.LogiTechInterView@31dadd46]" started-at="2021-10-15T17:32:12Z" name="dynamicLoading" finished-at="2021-10-15T17:32:24Z" duration-ms="11567" status="PASS">
          <reporter-output>
          </reporter-output>
        </test-method> <!-- dynamicLoading -->
        <test-method is-config="true" signature="getResult(org.testng.ITestResult)[pri:0, instance:tests.LogiTechInterView@31dadd46]" started-at="2021-10-15T17:32:24Z" name="getResult" finished-at="2021-10-15T17:32:24Z" duration-ms="188" status="PASS">
          <params>
            <param index="0">
              <value>
                <![CDATA[[TestResult name=dynamicLoading status=SUCCESS method=LogiTechInterView.dynamicLoading()[pri:0, instance:tests.LogiTechInterView@31dadd46] output={null}]]]>
              </value>
            </param>
          </params>
          <reporter-output>
          </reporter-output>
        </test-method> <!-- getResult -->
        <test-method is-config="true" signature="startMethod(java.lang.reflect.Method)[pri:0, instance:tests.LogiTechInterView@31dadd46]" started-at="2021-10-15T17:32:24Z" name="startMethod" finished-at="2021-10-15T17:32:25Z" duration-ms="1604" status="PASS">
          <params>
            <param index="0">
              <value>
                <![CDATA[public void tests.LogiTechInterView.multipleWindows()]]>
              </value>
            </param>
          </params>
          <reporter-output>
          </reporter-output>
        </test-method> <!-- startMethod -->
        <test-method signature="multipleWindows()[pri:0, instance:tests.LogiTechInterView@31dadd46]" started-at="2021-10-15T17:32:25Z" name="multipleWindows" finished-at="2021-10-15T17:32:32Z" duration-ms="6384" status="PASS">
          <reporter-output>
          </reporter-output>
        </test-method> <!-- multipleWindows -->
        <test-method is-config="true" signature="getResult(org.testng.ITestResult)[pri:0, instance:tests.LogiTechInterView@31dadd46]" started-at="2021-10-15T17:32:32Z" name="getResult" finished-at="2021-10-15T17:32:32Z" duration-ms="90" status="PASS">
          <params>
            <param index="0">
              <value>
                <![CDATA[[TestResult name=multipleWindows status=SUCCESS method=LogiTechInterView.multipleWindows()[pri:0, instance:tests.LogiTechInterView@31dadd46] output={null}]]]>
              </value>
            </param>
          </params>
          <reporter-output>
          </reporter-output>
        </test-method> <!-- getResult -->
        <test-method is-config="true" signature="startMethod(java.lang.reflect.Method)[pri:0, instance:tests.LogiTechInterView@31dadd46]" started-at="2021-10-15T17:32:32Z" name="startMethod" finished-at="2021-10-15T17:32:35Z" duration-ms="2866" status="PASS">
          <params>
            <param index="0">
              <value>
                <![CDATA[public void tests.LogiTechInterView.dragAndDropTest() throws java.lang.InterruptedException]]>
              </value>
            </param>
          </params>
          <reporter-output>
          </reporter-output>
        </test-method> <!-- startMethod -->
        <test-method signature="dragAndDropTest()[pri:0, instance:tests.LogiTechInterView@31dadd46]" started-at="2021-10-15T17:32:35Z" name="dragAndDropTest" finished-at="2021-10-15T17:32:45Z" duration-ms="10337" status="PASS">
          <reporter-output>
          </reporter-output>
        </test-method> <!-- dragAndDropTest -->
        <test-method is-config="true" signature="getResult(org.testng.ITestResult)[pri:0, instance:tests.LogiTechInterView@31dadd46]" started-at="2021-10-15T17:32:45Z" name="getResult" finished-at="2021-10-15T17:32:47Z" duration-ms="1906" status="PASS">
          <params>
            <param index="0">
              <value>
                <![CDATA[[TestResult name=dragAndDropTest status=SUCCESS method=LogiTechInterView.dragAndDropTest()[pri:0, instance:tests.LogiTechInterView@31dadd46] output={null}]]]>
              </value>
            </param>
          </params>
          <reporter-output>
          </reporter-output>
        </test-method> <!-- getResult -->
        <test-method is-config="true" signature="startMethod(java.lang.reflect.Method)[pri:0, instance:tests.LogiTechInterView@31dadd46]" started-at="2021-10-15T17:32:47Z" name="startMethod" finished-at="2021-10-15T17:32:48Z" duration-ms="1339" status="PASS">
          <params>
            <param index="0">
              <value>
                <![CDATA[public void tests.LogiTechInterView.iFrameTest()]]>
              </value>
            </param>
          </params>
          <reporter-output>
          </reporter-output>
        </test-method> <!-- startMethod -->
        <test-method signature="iFrameTest()[pri:0, instance:tests.LogiTechInterView@31dadd46]" started-at="2021-10-15T17:32:48Z" name="iFrameTest" finished-at="2021-10-15T17:32:58Z" duration-ms="9339" status="PASS">
          <reporter-output>
          </reporter-output>
        </test-method> <!-- iFrameTest -->
        <test-method is-config="true" signature="getResult(org.testng.ITestResult)[pri:0, instance:tests.LogiTechInterView@31dadd46]" started-at="2021-10-15T17:32:58Z" name="getResult" finished-at="2021-10-15T17:32:58Z" duration-ms="102" status="PASS">
          <params>
            <param index="0">
              <value>
                <![CDATA[[TestResult name=iFrameTest status=SUCCESS method=LogiTechInterView.iFrameTest()[pri:0, instance:tests.LogiTechInterView@31dadd46] output={null}]]]>
              </value>
            </param>
          </params>
          <reporter-output>
          </reporter-output>
        </test-method> <!-- getResult -->
        <test-method is-config="true" signature="startMethod(java.lang.reflect.Method)[pri:0, instance:tests.LogiTechInterView@31dadd46]" started-at="2021-10-15T17:32:58Z" name="startMethod" finished-at="2021-10-15T17:33:00Z" duration-ms="2082" status="PASS">
          <params>
            <param index="0">
              <value>
                <![CDATA[public void tests.LogiTechInterView.javaScriptAlerts()]]>
              </value>
            </param>
          </params>
          <reporter-output>
          </reporter-output>
        </test-method> <!-- startMethod -->
        <test-method signature="javaScriptAlerts()[pri:0, instance:tests.LogiTechInterView@31dadd46]" started-at="2021-10-15T17:33:00Z" name="javaScriptAlerts" finished-at="2021-10-15T17:33:04Z" duration-ms="4344" status="PASS">
          <reporter-output>
          </reporter-output>
        </test-method> <!-- javaScriptAlerts -->
        <test-method is-config="true" signature="getResult(org.testng.ITestResult)[pri:0, instance:tests.LogiTechInterView@31dadd46]" started-at="2021-10-15T17:33:04Z" name="getResult" finished-at="2021-10-15T17:33:04Z" duration-ms="133" status="PASS">
          <params>
            <param index="0">
              <value>
                <![CDATA[[TestResult name=javaScriptAlerts status=SUCCESS method=LogiTechInterView.javaScriptAlerts()[pri:0, instance:tests.LogiTechInterView@31dadd46] output={null}]]]>
              </value>
            </param>
          </params>
          <reporter-output>
          </reporter-output>
        </test-method> <!-- getResult -->
        <test-method is-config="true" signature="startMethod(java.lang.reflect.Method)[pri:0, instance:tests.LogiTechInterView@31dadd46]" started-at="2021-10-15T17:33:04Z" name="startMethod" finished-at="2021-10-15T17:33:06Z" duration-ms="2032" status="PASS">
          <params>
            <param index="0">
              <value>
                <![CDATA[public void tests.LogiTechInterView.apiTest_positive() throws org.json.simple.parser.ParseException]]>
              </value>
            </param>
          </params>
          <reporter-output>
          </reporter-output>
        </test-method> <!-- startMethod -->
        <test-method signature="apiTest_positive()[pri:0, instance:tests.LogiTechInterView@31dadd46]" started-at="2021-10-15T17:33:06Z" name="apiTest_positive" finished-at="2021-10-15T17:33:15Z" duration-ms="8268" status="PASS">
          <reporter-output>
          </reporter-output>
        </test-method> <!-- apiTest_positive -->
        <test-method is-config="true" signature="getResult(org.testng.ITestResult)[pri:0, instance:tests.LogiTechInterView@31dadd46]" started-at="2021-10-15T17:33:15Z" name="getResult" finished-at="2021-10-15T17:33:15Z" duration-ms="106" status="PASS">
          <params>
            <param index="0">
              <value>
                <![CDATA[[TestResult name=apiTest_positive status=SUCCESS method=LogiTechInterView.apiTest_positive()[pri:0, instance:tests.LogiTechInterView@31dadd46] output={null}]]]>
              </value>
            </param>
          </params>
          <reporter-output>
          </reporter-output>
        </test-method> <!-- getResult -->
        <test-method is-config="true" signature="startMethod(java.lang.reflect.Method)[pri:0, instance:tests.LogiTechInterView@31dadd46]" started-at="2021-10-15T17:33:15Z" name="startMethod" finished-at="2021-10-15T17:33:18Z" duration-ms="2822" status="PASS">
          <params>
            <param index="0">
              <value>
                <![CDATA[public void tests.LogiTechInterView.apiTest_negative() throws org.json.simple.parser.ParseException]]>
              </value>
            </param>
          </params>
          <reporter-output>
          </reporter-output>
        </test-method> <!-- startMethod -->
        <test-method signature="apiTest_negative()[pri:0, instance:tests.LogiTechInterView@31dadd46]" started-at="2021-10-15T17:33:18Z" name="apiTest_negative" finished-at="2021-10-15T17:33:26Z" duration-ms="8804" status="PASS">
          <reporter-output>
          </reporter-output>
        </test-method> <!-- apiTest_negative -->
        <test-method is-config="true" signature="getResult(org.testng.ITestResult)[pri:0, instance:tests.LogiTechInterView@31dadd46]" started-at="2021-10-15T17:33:26Z" name="getResult" finished-at="2021-10-15T17:33:26Z" duration-ms="97" status="PASS">
          <params>
            <param index="0">
              <value>
                <![CDATA[[TestResult name=apiTest_negative status=SUCCESS method=LogiTechInterView.apiTest_negative()[pri:0, instance:tests.LogiTechInterView@31dadd46] output={null}]]]>
              </value>
            </param>
          </params>
          <reporter-output>
          </reporter-output>
        </test-method> <!-- getResult -->
        <test-method is-config="true" signature="tearDown()[pri:0, instance:tests.LogiTechInterView@31dadd46]" started-at="2021-10-15T17:33:26Z" name="tearDown" finished-at="2021-10-15T17:33:26Z" duration-ms="0" status="PASS">
          <reporter-output>
          </reporter-output>
        </test-method> <!-- tearDown -->
      </class> <!-- tests.LogiTechInterView -->
    </test> <!-- Framework Scenarios -->
  </suite> <!-- Suite -->
</testng-results>
